2026-02-24 11:00:03,864 [INFO] [Server] 🚀 DupliManager (Python) iniciando en http://localhost:8500
2026-02-24 11:00:04,013 [INFO] [Helpers] [Scheduler] Iniciado (MVP) — comprobación cada 30s
2026-02-24 11:00:41,340 [INFO] [DuplicacyCLI] Ejecutando: duplicacy init -e duplimanager-probe-bb23a9cf wasabi://eu-central-1@s3.eu-central-1.wasabisys.com/acesgal/backup en C:\Users\CARLOS~1\AppData\Local\Temp\duplimanager-wasabi-probe-nqm1hu5y
2026-02-24 11:00:42,826 [INFO] [DuplicacyCLI] Proceso finalizado con código 0
2026-02-24 11:00:42,841 [INFO] [DuplicacyCLI] Ejecutando: duplicacy list -a -storage default en C:\Users\CARLOS~1\AppData\Local\Temp\duplimanager-wasabi-probe-nqm1hu5y
2026-02-24 11:01:09,340 [INFO] [DuplicacyCLI] Proceso finalizado con código 0
2026-02-24 11:01:09,346 [INFO] [Helpers] [DetectSnapshots] Raw output: Storage set to wasabi://eu-central-1@s3.eu-central-1.wasabisys.com/acesgal/backup
Snapshot CopiaDatos revision 7770 created at 2025-02-27 00:00 
Snapshot CopiaDatos revision 7798 created at 2025-03-06 00:00 
Snapshot CopiaDatos revision 7826 created at 2025-03-13 00:00 
Snapshot CopiaDatos revision 7854 created at 2025-03-20 00:00 
Snapshot CopiaDatos revision 7882 created at 2025-03-27 00:00 
Snapshot CopiaDatos revision 7910 created at 2025-04-03 00:00 
Snapshot CopiaDatos revision 7938 created at 2025-04-10 00:00 
Snapshot CopiaDatos revision 7966 created at 2025-04-17 00:00 
Snapshot CopiaDatos revision 7994 created at 2025-04-24 00:00 
Snapshot CopiaDatos revision 8020 created at 2025-05-01 00:00 
Snapshot CopiaDatos revision 8048 created at 2025-05-08 00:00 
Snapshot CopiaDatos revision 8076 created at 2025-05-15 00:00 
Snapshot CopiaDatos revision 8102 created at 2025-05-22 00:00 
Snapshot CopiaDatos revision 8129 created at 2025-05-29 00:00 
Snapshot CopiaDatos revision 8157 created at 2025-06-05 00:00 
Snapshot CopiaDatos revision 8185 created at 2025-06-12 00:00 
Snapshot CopiaDatos revision 8213 created at 2025-06-19 00:00 
Snapshot CopiaDatos revision 8241 created at 2025-06-26 00:00 
Snapshot CopiaDatos revision 8269 created at 2025-07-03 00:00 
Snapshot CopiaDatos revision 8297 created at 2025-07-10 00:00 
Snapshot CopiaDatos revision 8325 created at 2025-07-17 00:00 
Snapshot CopiaDatos revision 8353 created at 2025-07-24 00:00 
Snapshot CopiaDatos revision 8381 created at 2025-07-31 00:00 
Snapshot CopiaDatos revision 8409 created at 2025-08-07 00:00 
Snapshot CopiaDatos revision 8437 created at 2025-08-14 00:00 
Snapshot CopiaDatos revision 8465 created at 2025-08-21 00:00 
Snapshot CopiaDatos revision 8493 created at 2025-08-28 00:00 
Snapshot CopiaDatos revision 8521 created at 2025-09-04 00:00 
Snapshot CopiaDatos revision 8549 created at 2025-09-11 00:00 
Snapshot CopiaDatos revision 8577 created at 2025-09-18 00:00 
Snapshot CopiaDatos revision 8605 created at 2025-09-25 00:00 
Snapshot CopiaDatos revision 8633 created at 2025-10-02 00:00 
Snapshot CopiaDatos revision 8661 created at 2025-10-09 00:00 
Snapshot CopiaDatos revision 8689 created at 2025-10-16 00:00 
Snapshot CopiaDatos revision 8717 created at 2025-10-23 00:00 
Snapshot CopiaDatos revision 8745 created at 2025-10-30 00:00 
Snapshot CopiaDatos revision 8773 created at 2025-11-06 00:00 
Snapshot CopiaDatos revision 8801 created at 2025-11-13 00:00 
Snapshot CopiaDatos revision 8829 created at 2025-11-20 00:00 
Snapshot CopiaDatos revision 8857 created at 2025-11-27 00:00 
Snapshot CopiaDatos revision 8885 created at 2025-12-04 00:00 
Snapshot CopiaDatos revision 8913 created at 2025-12-11 00:00 
Snapshot CopiaDatos revision 8941 created at 2025-12-18 00:00 
Snapshot CopiaDatos revision 8969 created at 2025-12-25 00:00 
Snapshot CopiaDatos revision 8977 created at 2025-12-27 00:00 
Snapshot CopiaDatos revision 8981 created at 2025-12-28 00:00 
Snapshot CopiaDatos revision 8985 created at 2025-12-29 00:00 
Snapshot CopiaDatos revision 8989 created at 2025-12-30 00:00 
Snapshot CopiaDatos revision 8993 created at 2025-12-31 00:00 
Snapshot CopiaDatos revision 8997 created at 2026-01-01 00:00 
Snapshot CopiaDatos revision 9001 created at 2026-01-02 00:00 
Snapshot CopiaDatos revision 9005 created at 2026-01-03 00:00 
Snapshot CopiaDatos revision 9009 created at 2026-01-04 00:00 
Snapshot CopiaDatos revision 9013 created at 2026-01-05 00:00 
Snapshot CopiaDatos revision 9017 created at 2026-01-06 00:00 
Snapshot CopiaDatos revision 9021 created at 2026-01-07 00:00 
Snapshot CopiaDatos revision 9025 created at 2026-01-08 00:00 
Snapshot CopiaDatos revision 9029 created at 2026-01-09 00:00 
Snapshot CopiaDatos revision 9033 created at 2026-01-10 00:00 
Snapshot CopiaDatos revision 9037 created at 2026-01-11 00:00 
Snapshot CopiaDatos revision 9041 created at 2026-01-12 00:00 
Snapshot CopiaDatos revision 9045 created at 2026-01-13 00:00 
Snapshot CopiaDatos revision 9049 created at 2026-01-14 00:00 
Snapshot CopiaDatos revision 9053 created at 2026-01-15 00:00 
Snapshot CopiaDatos revision 9057 created at 2026-01-16 00:00 
Snapshot CopiaDatos revision 9061 created at 2026-01-17 00:00 
Snapshot CopiaDatos revision 9065 created at 2026-01-18 00:00 
Snapshot CopiaDatos revision 9069 created at 2026-01-19 00:00 
Snapshot CopiaDatos revision 9073 created at 2026-01-20 00:00 
Snapshot CopiaDatos revision 9077 created at 2026-01-21 00:00 
Snapshot CopiaDatos revision 9081 created at 2026-01-22 00:00 
Snapshot CopiaDatos revision 9085 created at 2026-01-23 00:00 
Snapshot CopiaDatos revision 9089 created at 2026-01-24 00:00 
Snapshot CopiaDatos revision 9093 created at 2026-01-25 00:00 
Snapshot CopiaDatos revision 9097 created at 2026-01-26 00:00 
Snapshot CopiaDatos revision 9101 created at 2026-01-27 00:00 
Snapshot CopiaDatos revision 9105 created at 2026-01-28 00:00 
Snapshot CopiaDatos revision 9109 created at 2026-01-29 00:00 
Snapshot CopiaDatos revision 9113 created at 2026-01-30 00:00 
Snapshot CopiaDatos revision 9117 created at 2026-01-31 00:00 
Snapshot CopiaDatos revision 9121 created at 2026-02-01 00:00 
Snapshot CopiaDatos revision 9125 created at 2026-02-02 00:00 
Snapshot CopiaDatos revision 9129 created at 2026-02-03 00:00 
Snapshot CopiaDatos revision 9133 created at 2026-02-04 00:00 
Snapshot CopiaDatos revision 9137 created at 2026-02-05 00:00 
Snapshot CopiaDatos revision 9141 created at 2026-02-06 00:00 
Snapshot CopiaDatos revision 9145 created at 2026-02-07 00:00 
Snapshot CopiaDatos revision 9149 created at 2026-02-08 00:00 
Snapshot CopiaDatos revision 9153 created at 2026-02-09 00:00 
Snapshot CopiaDatos revision 9157 created at 2026-02-10 00:00 
Snapshot CopiaDatos revision 9161 created at 2026-02-11 00:00 
Snapshot CopiaDatos revision 9165 created at 2026-02-12 00:00 
Snapshot CopiaDatos revision 9169 created at 2026-02-13 00:00 
Snapshot CopiaDatos revision 9173 created at 2026-02-14 00:00 
Snapshot CopiaDatos revision 9177 created at 2026-02-15 00:00 
Snapshot CopiaDatos revision 9181 created at 2026-02-16 00:00 
Snapshot CopiaDatos revision 9185 created at 2026-02-17 00:00 
Snapshot CopiaDatos revision 9189 created at 2026-02-18 00:00 
Snapshot CopiaDatos revision 9190 created at 2026-02-18 06:00 
Snapshot CopiaDatos revision 9191 created at 2026-02-18 12:00 
Snapshot CopiaDatos revision 9192 created at 2026-02-18 18:00 
Snapshot CopiaDatos revision 9193 created at 2026-02-19 00:00 
Snapshot CopiaDatos revision 9194 created at 2026-02-19 06:00 
Snapshot CopiaDatos revision 9195 created at 2026-02-19 12:00 
Snapshot CopiaDatos revision 9196 created at 2026-02-19 18:00 
Snapshot CopiaDatos revision 9197 created at 2026-02-20 00:00 
Snapshot CopiaDatos revision 9198 created at 2026-02-20 06:00 
Snapshot CopiaDatos revision 9199 created at 2026-02-20 12:00 
Snapshot CopiaDatos revision 9200 created at 2026-02-20 18:00 
Snapshot CopiaDatos revision 9201 created at 2026-02-21 00:00 
Snapshot CopiaDatos revision 9202 created at 2026-02-21 06:00 
Snapshot CopiaDatos revision 9203 created at 2026-02-21 12:00 
Snapshot CopiaDatos revision 9204 created at 2026-02-21 18:00 
Snapshot CopiaDatos revision 9205 created at 2026-02-22 00:00 
Snapshot CopiaDatos revision 9206 created at 2026-02-22 06:00 
Snapshot CopiaDatos revision 9207 created at 2026-02-22 12:00 
Snapshot CopiaDatos revision 9208 created at 2026-02-22 18:00 
Snapshot CopiaDatos revision 9209 created at 2026-02-23 00:00 
Snapshot CopiaDatos revision 9210 created at 2026-02-23 06:00 
Snapshot CopiaDatos revision 9211 created at 2026-02-23 12:00 
Snapshot CopiaDatos revision 9212 created at 2026-02-23 18:00 
Snapshot CopiaDatos revision 9213 created at 2026-02-24 00:00 
Snapshot CopiaDatos revision 9214 created at 2026-02-24 06:00 
Snapshot CopiaDatos revision 9215 created at 2026-02-24 09:59 
Snapshot ll revision 1 created at 2026-02-24 09:57 -hash
Snapshot ll revision 2 created at 2026-02-24 09:57 
Snapshot portatil revision 1 created at 2026-02-24 09:33 -hash

2026-02-24 11:02:41,966 [INFO] [Helpers] [Scheduler] Detenido
